[0.015s] Invoking command in '/workspace/ros2_ws/build/ydlidar_ros2_driver': CMAKE_PREFIX_PATH=${CMAKE_PREFIX_PATH}:/workspaces/install/pros_image:/opt/ros/humble /usr/bin/cmake /workspace/ros2_ws/src/ydlidar_ros2_driver -DCMAKE_INSTALL_PREFIX=/workspace/ros2_ws/install/ydlidar_ros2_driver
[0.042s] -- Found ament_cmake: 1.3.8 (/opt/ros/humble/share/ament_cmake/cmake)
[0.237s] -- Override CMake install command with custom implementation using symlinks instead of copying resources
[0.247s] -- Found rclcpp: 16.0.8 (/opt/ros/humble/share/rclcpp/cmake)
[0.290s] -- Found rosidl_generator_c: 3.1.5 (/opt/ros/humble/share/rosidl_generator_c/cmake)
[0.293s] -- Found rosidl_adapter: 3.1.5 (/opt/ros/humble/share/rosidl_adapter/cmake)
[0.302s] -- Found rosidl_generator_cpp: 3.1.5 (/opt/ros/humble/share/rosidl_generator_cpp/cmake)
[0.319s] -- Using all available rosidl_typesupport_c: rosidl_typesupport_fastrtps_c;rosidl_typesupport_introspection_c
[0.343s] -- Using all available rosidl_typesupport_cpp: rosidl_typesupport_fastrtps_cpp;rosidl_typesupport_introspection_cpp
[0.432s] -- Found rmw_implementation_cmake: 6.1.1 (/opt/ros/humble/share/rmw_implementation_cmake/cmake)
[0.435s] -- Found rmw_fastrtps_cpp: 6.2.6 (/opt/ros/humble/share/rmw_fastrtps_cpp/cmake)
[0.634s] -- Using RMW implementation 'rmw_fastrtps_cpp' as default
[0.867s] -- Found sensor_msgs: 4.2.3 (/opt/ros/humble/share/sensor_msgs/cmake)
[1.050s] -- Found visualization_msgs: 4.2.3 (/opt/ros/humble/share/visualization_msgs/cmake)
[1.229s] -- Found std_srvs: 4.2.3 (/opt/ros/humble/share/std_srvs/cmake)
[1.265s] -- Found ament_lint_auto: 0.12.10 (/opt/ros/humble/share/ament_lint_auto/cmake)
[1.406s] -- Added test 'copyright' to check source files copyright and LICENSE
[1.416s] -- Added test 'cppcheck' to perform static code analysis on C / C++ code
[1.416s] -- Configured cppcheck include dirs: /workspace/ros2_ws/src/ydlidar_ros2_driver/src
[1.416s] -- Configured cppcheck exclude dirs and/or files: 
[1.425s] -- Added test 'cpplint' to check C / C++ code against the Google style
[1.425s] -- Configured cpplint exclude dirs and/or files: 
[1.427s] -- Added test 'flake8' to check Python code syntax and style conventions
[1.429s] -- Added test 'lint_cmake' to check CMake code style
[1.431s] -- Added test 'pep257' to check Python code against some of the docstring style conventions in PEP 257
[1.438s] -- Added test 'uncrustify' to check C / C++ code style
[1.438s] -- Configured uncrustify additional arguments: 
[1.440s] -- Added test 'xmllint' to check XML markup files
[1.442s] -- Configuring done
[1.466s] -- Generating done
[1.469s] -- Build files have been written to: /workspace/ros2_ws/build/ydlidar_ros2_driver
[1.485s] Invoked command in '/workspace/ros2_ws/build/ydlidar_ros2_driver' returned '0': CMAKE_PREFIX_PATH=${CMAKE_PREFIX_PATH}:/workspaces/install/pros_image:/opt/ros/humble /usr/bin/cmake /workspace/ros2_ws/src/ydlidar_ros2_driver -DCMAKE_INSTALL_PREFIX=/workspace/ros2_ws/install/ydlidar_ros2_driver
[1.489s] Invoking command in '/workspace/ros2_ws/build/ydlidar_ros2_driver': CMAKE_PREFIX_PATH=${CMAKE_PREFIX_PATH}:/workspaces/install/pros_image:/opt/ros/humble /usr/bin/cmake --build /workspace/ros2_ws/build/ydlidar_ros2_driver -- -j4 -l4
[1.569s] [35m[1mConsolidate compiler generated dependencies of target ydlidar_ros2_driver_client[0m
[1.573s] [35m[1mConsolidate compiler generated dependencies of target ydlidar_ros2_driver_node[0m
[1.629s] [100%] Built target ydlidar_ros2_driver_client
[1.629s] [100%] Built target ydlidar_ros2_driver_node
[1.649s] Invoked command in '/workspace/ros2_ws/build/ydlidar_ros2_driver' returned '0': CMAKE_PREFIX_PATH=${CMAKE_PREFIX_PATH}:/workspaces/install/pros_image:/opt/ros/humble /usr/bin/cmake --build /workspace/ros2_ws/build/ydlidar_ros2_driver -- -j4 -l4
[1.719s] Invoking command in '/workspace/ros2_ws/build/ydlidar_ros2_driver': CMAKE_PREFIX_PATH=${CMAKE_PREFIX_PATH}:/workspaces/install/pros_image:/opt/ros/humble /usr/bin/cmake --install /workspace/ros2_ws/build/ydlidar_ros2_driver
[1.734s] -- Install configuration: ""
[1.734s] -- Execute custom install script
[1.734s] -- Up-to-date symlink: /workspace/ros2_ws/install/ydlidar_ros2_driver/lib/ydlidar_ros2_driver/ydlidar_ros2_driver_node
[1.734s] -- Up-to-date symlink: /workspace/ros2_ws/install/ydlidar_ros2_driver/lib/ydlidar_ros2_driver/ydlidar_ros2_driver_client
[1.734s] -- Symlinking: /workspace/ros2_ws/install/ydlidar_ros2_driver/share/ydlidar_ros2_driver/launch/__pycache__/ydlidar_launch.cpython-310.pyc
[1.752s] -- Up-to-date symlink: /workspace/ros2_ws/install/ydlidar_ros2_driver/share/ydlidar_ros2_driver/launch/ydlidar.py
[1.752s] -- Up-to-date symlink: /workspace/ros2_ws/install/ydlidar_ros2_driver/share/ydlidar_ros2_driver/launch/ydlidar_launch.py
[1.752s] -- Up-to-date symlink: /workspace/ros2_ws/install/ydlidar_ros2_driver/share/ydlidar_ros2_driver/launch/ydlidar_launch_view.py
[1.753s] -- Up-to-date symlink: /workspace/ros2_ws/install/ydlidar_ros2_driver/share/ydlidar_ros2_driver/params/G1.yaml
[1.753s] -- Up-to-date symlink: /workspace/ros2_ws/install/ydlidar_ros2_driver/share/ydlidar_ros2_driver/params/G2.yaml
[1.754s] -- Up-to-date symlink: /workspace/ros2_ws/install/ydlidar_ros2_driver/share/ydlidar_ros2_driver/params/G6.yaml
[1.754s] -- Up-to-date symlink: /workspace/ros2_ws/install/ydlidar_ros2_driver/share/ydlidar_ros2_driver/params/GS2.yaml
[1.754s] -- Up-to-date symlink: /workspace/ros2_ws/install/ydlidar_ros2_driver/share/ydlidar_ros2_driver/params/TEA.yaml
[1.754s] -- Up-to-date symlink: /workspace/ros2_ws/install/ydlidar_ros2_driver/share/ydlidar_ros2_driver/params/TG.yaml
[1.754s] -- Up-to-date symlink: /workspace/ros2_ws/install/ydlidar_ros2_driver/share/ydlidar_ros2_driver/params/TminiPro.yaml
[1.754s] -- Up-to-date symlink: /workspace/ros2_ws/install/ydlidar_ros2_driver/share/ydlidar_ros2_driver/params/X2.yaml
[1.754s] -- Up-to-date symlink: /workspace/ros2_ws/install/ydlidar_ros2_driver/share/ydlidar_ros2_driver/params/X4-Pro.yaml
[1.755s] -- Up-to-date symlink: /workspace/ros2_ws/install/ydlidar_ros2_driver/share/ydlidar_ros2_driver/params/X4.yaml
[1.755s] -- Up-to-date symlink: /workspace/ros2_ws/install/ydlidar_ros2_driver/share/ydlidar_ros2_driver/params/ydlidar.yaml
[1.755s] -- Up-to-date symlink: /workspace/ros2_ws/install/ydlidar_ros2_driver/share/ydlidar_ros2_driver/startup/initenv.sh
[1.755s] -- Up-to-date symlink: /workspace/ros2_ws/install/ydlidar_ros2_driver/share/ydlidar_ros2_driver/config/ydlidar.rviz
[1.755s] -- Up-to-date symlink: /workspace/ros2_ws/install/ydlidar_ros2_driver/share/ament_index/resource_index/package_run_dependencies/ydlidar_ros2_driver
[1.756s] -- Up-to-date symlink: /workspace/ros2_ws/install/ydlidar_ros2_driver/share/ament_index/resource_index/parent_prefix_path/ydlidar_ros2_driver
[1.756s] -- Up-to-date symlink: /workspace/ros2_ws/install/ydlidar_ros2_driver/share/ydlidar_ros2_driver/environment/ament_prefix_path.sh
[1.756s] -- Up-to-date symlink: /workspace/ros2_ws/install/ydlidar_ros2_driver/share/ydlidar_ros2_driver/environment/ament_prefix_path.dsv
[1.756s] -- Up-to-date symlink: /workspace/ros2_ws/install/ydlidar_ros2_driver/share/ydlidar_ros2_driver/environment/path.sh
[1.756s] -- Up-to-date symlink: /workspace/ros2_ws/install/ydlidar_ros2_driver/share/ydlidar_ros2_driver/environment/path.dsv
[1.757s] -- Up-to-date symlink: /workspace/ros2_ws/install/ydlidar_ros2_driver/share/ydlidar_ros2_driver/local_setup.bash
[1.757s] -- Up-to-date symlink: /workspace/ros2_ws/install/ydlidar_ros2_driver/share/ydlidar_ros2_driver/local_setup.sh
[1.757s] -- Up-to-date symlink: /workspace/ros2_ws/install/ydlidar_ros2_driver/share/ydlidar_ros2_driver/local_setup.zsh
[1.757s] -- Up-to-date symlink: /workspace/ros2_ws/install/ydlidar_ros2_driver/share/ydlidar_ros2_driver/local_setup.dsv
[1.757s] -- Symlinking: /workspace/ros2_ws/install/ydlidar_ros2_driver/share/ydlidar_ros2_driver/package.dsv
[1.776s] -- Up-to-date symlink: /workspace/ros2_ws/install/ydlidar_ros2_driver/share/ament_index/resource_index/packages/ydlidar_ros2_driver
[1.776s] -- Up-to-date symlink: /workspace/ros2_ws/install/ydlidar_ros2_driver/share/ydlidar_ros2_driver/cmake/ydlidar_ros2_driverConfig.cmake
[1.776s] -- Up-to-date symlink: /workspace/ros2_ws/install/ydlidar_ros2_driver/share/ydlidar_ros2_driver/cmake/ydlidar_ros2_driverConfig-version.cmake
[1.776s] -- Up-to-date symlink: /workspace/ros2_ws/install/ydlidar_ros2_driver/share/ydlidar_ros2_driver/package.xml
[1.780s] Invoked command in '/workspace/ros2_ws/build/ydlidar_ros2_driver' returned '0': CMAKE_PREFIX_PATH=${CMAKE_PREFIX_PATH}:/workspaces/install/pros_image:/opt/ros/humble /usr/bin/cmake --install /workspace/ros2_ws/build/ydlidar_ros2_driver
