[0.015s] Invoking command in '/workspace/ros2_ws/build/ydlidar_ros2_driver': CMAKE_PREFIX_PATH=${CMAKE_PREFIX_PATH}:/workspaces/install/pros_image:/opt/ros/humble /usr/bin/cmake /workspace/ros2_ws/src/ydlidar_ros2_driver -DCMAKE_INSTALL_PREFIX=/workspace/ros2_ws/install/ydlidar_ros2_driver
[0.495s] -- The C compiler identification is GNU 11.4.0
[0.849s] -- The CXX compiler identification is GNU 11.4.0
[0.874s] -- Detecting C compiler ABI info
[1.055s] -- Detecting C compiler ABI info - done
[1.066s] -- Check for working C compiler: /usr/lib/ccache/cc - skipped
[1.067s] -- Detecting C compile features
[1.068s] -- Detecting C compile features - done
[1.075s] -- Detecting CXX compiler ABI info
[1.266s] -- Detecting CXX compiler ABI info - done
[1.277s] -- Check for working CXX compiler: /usr/lib/ccache/c++ - skipped
[1.277s] -- Detecting CXX compile features
[1.278s] -- Detecting CXX compile features - done
[1.286s] -- Found ament_cmake: 1.3.8 (/opt/ros/humble/share/ament_cmake/cmake)
[1.558s] -- Found Python3: /usr/bin/python3 (found version "3.10.12") found components: Interpreter 
[1.770s] -- Found rclcpp: 16.0.8 (/opt/ros/humble/share/rclcpp/cmake)
[1.885s] -- Found rosidl_generator_c: 3.1.5 (/opt/ros/humble/share/rosidl_generator_c/cmake)
[1.900s] -- Found rosidl_adapter: 3.1.5 (/opt/ros/humble/share/rosidl_adapter/cmake)
[1.925s] -- Found rosidl_generator_cpp: 3.1.5 (/opt/ros/humble/share/rosidl_generator_cpp/cmake)
[1.959s] -- Using all available rosidl_typesupport_c: rosidl_typesupport_fastrtps_c;rosidl_typesupport_introspection_c
[2.007s] -- Using all available rosidl_typesupport_cpp: rosidl_typesupport_fastrtps_cpp;rosidl_typesupport_introspection_cpp
[2.168s] -- Found rmw_implementation_cmake: 6.1.1 (/opt/ros/humble/share/rmw_implementation_cmake/cmake)
[2.178s] -- Found rmw_fastrtps_cpp: 6.2.6 (/opt/ros/humble/share/rmw_fastrtps_cpp/cmake)
[2.440s] -- Found OpenSSL: /usr/lib/aarch64-linux-gnu/libcrypto.so (found version "3.0.2")  
[2.489s] -- Found FastRTPS: /opt/ros/humble/include  
[2.572s] -- Using RMW implementation 'rmw_fastrtps_cpp' as default
[2.603s] -- Looking for pthread.h
[2.793s] -- Looking for pthread.h - found
[2.793s] -- Performing Test CMAKE_HAVE_LIBC_PTHREAD
[2.968s] -- Performing Test CMAKE_HAVE_LIBC_PTHREAD - Success
[2.969s] -- Found Threads: TRUE  
[3.265s] -- Found sensor_msgs: 4.2.3 (/opt/ros/humble/share/sensor_msgs/cmake)
[3.484s] -- Found visualization_msgs: 4.2.3 (/opt/ros/humble/share/visualization_msgs/cmake)
[3.685s] -- Found std_srvs: 4.2.3 (/opt/ros/humble/share/std_srvs/cmake)
[3.737s] [31mCMake Error at CMakeLists.txt:25 (find_package):
[3.737s]   By not providing "Findydlidar_sdk.cmake" in CMAKE_MODULE_PATH this project
[3.737s]   has asked CMake to find a package configuration file provided by
[3.737s]   "ydlidar_sdk", but CMake did not find one.
[3.738s] 
[3.738s]   Could not find a package configuration file provided by "ydlidar_sdk" with
[3.738s]   any of the following names:
[3.738s] 
[3.738s]     ydlidar_sdkConfig.cmake
[3.738s]     ydlidar_sdk-config.cmake
[3.738s] 
[3.738s]   Add the installation prefix of "ydlidar_sdk" to CMAKE_PREFIX_PATH or set
[3.738s]   "ydlidar_sdk_DIR" to a directory containing one of the above files.  If
[3.738s]   "ydlidar_sdk" provides a separate development package or SDK, be sure it
[3.738s]   has been installed.
[3.738s] 
[3.738s] [0m
[3.738s] -- Configuring incomplete, errors occurred!
[3.738s] See also "/workspace/ros2_ws/build/ydlidar_ros2_driver/CMakeFiles/CMakeOutput.log".
[3.755s] Invoked command in '/workspace/ros2_ws/build/ydlidar_ros2_driver' returned '1': CMAKE_PREFIX_PATH=${CMAKE_PREFIX_PATH}:/workspaces/install/pros_image:/opt/ros/humble /usr/bin/cmake /workspace/ros2_ws/src/ydlidar_ros2_driver -DCMAKE_INSTALL_PREFIX=/workspace/ros2_ws/install/ydlidar_ros2_driver
