[0.193s] DEBUG:colcon:Command line arguments: ['/usr/bin/colcon', 'build']
[0.193s] DEBUG:colcon:Parsed command line arguments: Namespace(log_base=None, log_level=None, verb_name='build', build_base='build', install_base='install', merge_install=False, symlink_install=False, test_result_base=None, continue_on_error=False, executor='parallel', parallel_workers=4, event_handlers=None, ignore_user_meta=False, metas=['./colcon.meta'], base_paths=['.'], packages_ignore=None, packages_ignore_regex=None, paths=None, packages_up_to=None, packages_up_to_regex=None, packages_above=None, packages_above_and_dependencies=None, packages_above_depth=None, packages_select_by_dep=None, packages_skip_by_dep=None, packages_skip_up_to=None, packages_select_build_failed=False, packages_skip_build_finished=False, packages_select_test_failures=False, packages_skip_test_passed=False, packages_select=None, packages_skip=None, packages_select_regex=None, packages_skip_regex=None, packages_start=None, packages_end=None, allow_overriding=[], cmake_args=None, cmake_target=None, cmake_target_skip_unavailable=False, cmake_clean_cache=False, cmake_clean_first=False, cmake_force_configure=False, ament_cmake_args=None, catkin_cmake_args=None, catkin_skip_building_tests=False, mixin_files=None, mixin=None, verb_parser=<colcon_mixin.mixin.mixin_argument.MixinArgumentDecorator object at 0xffffa67b78e0>, verb_extension=<colcon_core.verb.build.BuildVerb object at 0xffffa67b73a0>, main=<bound method BuildVerb.main of <colcon_core.verb.build.BuildVerb object at 0xffffa67b73a0>>, mixin_verb=('build',))
[0.386s] Level 1:colcon.colcon_core.package_discovery:discover_packages(colcon_meta) check parameters
[0.387s] INFO:colcon.colcon_metadata.package_discovery.colcon_meta:Using configuration from '/root/.colcon/metadata/default/Gazebo.meta'
[0.388s] INFO:colcon.colcon_metadata.package_discovery.colcon_meta:Using configuration from '/root/.colcon/metadata/default/fastrtps.meta'
[0.388s] Level 1:colcon.colcon_core.package_discovery:discover_packages(recursive) check parameters
[0.388s] Level 1:colcon.colcon_core.package_discovery:discover_packages(ignore) check parameters
[0.388s] Level 1:colcon.colcon_core.package_discovery:discover_packages(path) check parameters
[0.388s] Level 1:colcon.colcon_core.package_discovery:discover_packages(colcon_meta) discover
[0.388s] Level 1:colcon.colcon_core.package_discovery:discover_packages(recursive) discover
[0.388s] INFO:colcon.colcon_core.package_discovery:Crawling recursively for packages in '/workspace/sipeed_tof_v075_ros2_v0.3_20230309/ros2'
[0.388s] Level 1:colcon.colcon_core.package_identification:_identify(.) by extensions ['ignore', 'ignore_ament_install']
[0.388s] Level 1:colcon.colcon_core.package_identification:_identify(.) by extension 'ignore'
[0.389s] Level 1:colcon.colcon_core.package_identification:_identify(.) by extension 'ignore_ament_install'
[0.389s] Level 1:colcon.colcon_core.package_identification:_identify(.) by extensions ['colcon_pkg']
[0.389s] Level 1:colcon.colcon_core.package_identification:_identify(.) by extension 'colcon_pkg'
[0.389s] Level 1:colcon.colcon_core.package_identification:_identify(.) by extensions ['colcon_meta']
[0.389s] Level 1:colcon.colcon_core.package_identification:_identify(.) by extension 'colcon_meta'
[0.389s] Level 1:colcon.colcon_core.package_identification:_identify(.) by extensions ['ros']
[0.389s] Level 1:colcon.colcon_core.package_identification:_identify(.) by extension 'ros'
[0.406s] Level 1:colcon.colcon_core.package_identification:_identify(.) by extensions ['cmake', 'python']
[0.406s] Level 1:colcon.colcon_core.package_identification:_identify(.) by extension 'cmake'
[0.406s] Level 1:colcon.colcon_core.package_identification:_identify(.) by extension 'python'
[0.406s] Level 1:colcon.colcon_core.package_identification:_identify(.) by extensions ['python_setup_py']
[0.406s] Level 1:colcon.colcon_core.package_identification:_identify(.) by extension 'python_setup_py'
[0.406s] Level 1:colcon.colcon_core.package_identification:_identify(build) by extensions ['ignore', 'ignore_ament_install']
[0.406s] Level 1:colcon.colcon_core.package_identification:_identify(build) by extension 'ignore'
[0.407s] Level 1:colcon.colcon_core.package_identification:_identify(build) ignored
[0.407s] Level 1:colcon.colcon_core.package_identification:_identify(install) by extensions ['ignore', 'ignore_ament_install']
[0.407s] Level 1:colcon.colcon_core.package_identification:_identify(install) by extension 'ignore'
[0.407s] Level 1:colcon.colcon_core.package_identification:_identify(install) ignored
[0.407s] Level 1:colcon.colcon_core.package_identification:_identify(log) by extensions ['ignore', 'ignore_ament_install']
[0.407s] Level 1:colcon.colcon_core.package_identification:_identify(log) by extension 'ignore'
[0.407s] Level 1:colcon.colcon_core.package_identification:_identify(log) ignored
[0.407s] Level 1:colcon.colcon_core.package_identification:_identify(src) by extensions ['ignore', 'ignore_ament_install']
[0.407s] Level 1:colcon.colcon_core.package_identification:_identify(src) by extension 'ignore'
[0.407s] Level 1:colcon.colcon_core.package_identification:_identify(src) by extension 'ignore_ament_install'
[0.407s] Level 1:colcon.colcon_core.package_identification:_identify(src) by extensions ['colcon_pkg']
[0.407s] Level 1:colcon.colcon_core.package_identification:_identify(src) by extension 'colcon_pkg'
[0.408s] Level 1:colcon.colcon_core.package_identification:_identify(src) by extensions ['colcon_meta']
[0.408s] Level 1:colcon.colcon_core.package_identification:_identify(src) by extension 'colcon_meta'
[0.408s] Level 1:colcon.colcon_core.package_identification:_identify(src) by extensions ['ros']
[0.408s] Level 1:colcon.colcon_core.package_identification:_identify(src) by extension 'ros'
[0.408s] Level 1:colcon.colcon_core.package_identification:_identify(src) by extensions ['cmake', 'python']
[0.408s] Level 1:colcon.colcon_core.package_identification:_identify(src) by extension 'cmake'
[0.408s] Level 1:colcon.colcon_core.package_identification:_identify(src) by extension 'python'
[0.408s] Level 1:colcon.colcon_core.package_identification:_identify(src) by extensions ['python_setup_py']
[0.408s] Level 1:colcon.colcon_core.package_identification:_identify(src) by extension 'python_setup_py'
[0.408s] Level 1:colcon.colcon_core.package_identification:_identify(src/sipeed-tof) by extensions ['ignore', 'ignore_ament_install']
[0.408s] Level 1:colcon.colcon_core.package_identification:_identify(src/sipeed-tof) by extension 'ignore'
[0.408s] Level 1:colcon.colcon_core.package_identification:_identify(src/sipeed-tof) by extension 'ignore_ament_install'
[0.408s] Level 1:colcon.colcon_core.package_identification:_identify(src/sipeed-tof) by extensions ['colcon_pkg']
[0.408s] Level 1:colcon.colcon_core.package_identification:_identify(src/sipeed-tof) by extension 'colcon_pkg'
[0.408s] Level 1:colcon.colcon_core.package_identification:_identify(src/sipeed-tof) by extensions ['colcon_meta']
[0.408s] Level 1:colcon.colcon_core.package_identification:_identify(src/sipeed-tof) by extension 'colcon_meta'
[0.408s] Level 1:colcon.colcon_core.package_identification:_identify(src/sipeed-tof) by extensions ['ros']
[0.408s] Level 1:colcon.colcon_core.package_identification:_identify(src/sipeed-tof) by extension 'ros'
[0.415s] DEBUG:colcon.colcon_core.package_identification:Package 'src/sipeed-tof' with type 'ros.ament_python' and name 'sipeed_tof'
[0.415s] Level 1:colcon.colcon_core.package_identification:_identify(src/sipeed_tof_cpp) by extensions ['ignore', 'ignore_ament_install']
[0.415s] Level 1:colcon.colcon_core.package_identification:_identify(src/sipeed_tof_cpp) by extension 'ignore'
[0.415s] Level 1:colcon.colcon_core.package_identification:_identify(src/sipeed_tof_cpp) by extension 'ignore_ament_install'
[0.415s] Level 1:colcon.colcon_core.package_identification:_identify(src/sipeed_tof_cpp) by extensions ['colcon_pkg']
[0.415s] Level 1:colcon.colcon_core.package_identification:_identify(src/sipeed_tof_cpp) by extension 'colcon_pkg'
[0.415s] Level 1:colcon.colcon_core.package_identification:_identify(src/sipeed_tof_cpp) by extensions ['colcon_meta']
[0.416s] Level 1:colcon.colcon_core.package_identification:_identify(src/sipeed_tof_cpp) by extension 'colcon_meta'
[0.416s] Level 1:colcon.colcon_core.package_identification:_identify(src/sipeed_tof_cpp) by extensions ['ros']
[0.416s] Level 1:colcon.colcon_core.package_identification:_identify(src/sipeed_tof_cpp) by extension 'ros'
[0.416s] DEBUG:colcon.colcon_core.package_identification:Package 'src/sipeed_tof_cpp' with type 'ros.ament_cmake' and name 'sipeed_tof_cpp'
[0.416s] Level 1:colcon.colcon_core.package_discovery:discover_packages(recursive) using defaults
[0.416s] Level 1:colcon.colcon_core.package_discovery:discover_packages(ignore) discover
[0.417s] Level 1:colcon.colcon_core.package_discovery:discover_packages(ignore) using defaults
[0.417s] Level 1:colcon.colcon_core.package_discovery:discover_packages(path) discover
[0.417s] Level 1:colcon.colcon_core.package_discovery:discover_packages(path) using defaults
[0.444s] Level 1:colcon.colcon_core.package_discovery:discover_packages(prefix_path) check parameters
[0.444s] Level 1:colcon.colcon_core.package_discovery:discover_packages(prefix_path) discover
[0.448s] DEBUG:colcon.colcon_installed_package_information.package_discovery:Found 253 installed packages in /opt/ros/humble
[0.450s] Level 1:colcon.colcon_core.package_discovery:discover_packages(prefix_path) using defaults
[0.523s] Level 5:colcon.colcon_core.verb:set package 'sipeed_tof' build argument 'cmake_args' from command line to 'None'
[0.523s] Level 5:colcon.colcon_core.verb:set package 'sipeed_tof' build argument 'cmake_target' from command line to 'None'
[0.523s] Level 5:colcon.colcon_core.verb:set package 'sipeed_tof' build argument 'cmake_target_skip_unavailable' from command line to 'False'
[0.523s] Level 5:colcon.colcon_core.verb:set package 'sipeed_tof' build argument 'cmake_clean_cache' from command line to 'False'
[0.523s] Level 5:colcon.colcon_core.verb:set package 'sipeed_tof' build argument 'cmake_clean_first' from command line to 'False'
[0.523s] Level 5:colcon.colcon_core.verb:set package 'sipeed_tof' build argument 'cmake_force_configure' from command line to 'False'
[0.523s] Level 5:colcon.colcon_core.verb:set package 'sipeed_tof' build argument 'ament_cmake_args' from command line to 'None'
[0.523s] Level 5:colcon.colcon_core.verb:set package 'sipeed_tof' build argument 'catkin_cmake_args' from command line to 'None'
[0.523s] Level 5:colcon.colcon_core.verb:set package 'sipeed_tof' build argument 'catkin_skip_building_tests' from command line to 'False'
[0.523s] DEBUG:colcon.colcon_core.verb:Building package 'sipeed_tof' with the following arguments: {'ament_cmake_args': None, 'build_base': '/workspace/sipeed_tof_v075_ros2_v0.3_20230309/ros2/build/sipeed_tof', 'catkin_cmake_args': None, 'catkin_skip_building_tests': False, 'cmake_args': None, 'cmake_clean_cache': False, 'cmake_clean_first': False, 'cmake_force_configure': False, 'cmake_target': None, 'cmake_target_skip_unavailable': False, 'install_base': '/workspace/sipeed_tof_v075_ros2_v0.3_20230309/ros2/install/sipeed_tof', 'merge_install': False, 'path': '/workspace/sipeed_tof_v075_ros2_v0.3_20230309/ros2/src/sipeed-tof', 'symlink_install': False, 'test_result_base': None}
[0.523s] Level 5:colcon.colcon_core.verb:set package 'sipeed_tof_cpp' build argument 'cmake_args' from command line to 'None'
[0.524s] Level 5:colcon.colcon_core.verb:set package 'sipeed_tof_cpp' build argument 'cmake_target' from command line to 'None'
[0.524s] Level 5:colcon.colcon_core.verb:set package 'sipeed_tof_cpp' build argument 'cmake_target_skip_unavailable' from command line to 'False'
[0.524s] Level 5:colcon.colcon_core.verb:set package 'sipeed_tof_cpp' build argument 'cmake_clean_cache' from command line to 'False'
[0.524s] Level 5:colcon.colcon_core.verb:set package 'sipeed_tof_cpp' build argument 'cmake_clean_first' from command line to 'False'
[0.524s] Level 5:colcon.colcon_core.verb:set package 'sipeed_tof_cpp' build argument 'cmake_force_configure' from command line to 'False'
[0.524s] Level 5:colcon.colcon_core.verb:set package 'sipeed_tof_cpp' build argument 'ament_cmake_args' from command line to 'None'
[0.524s] Level 5:colcon.colcon_core.verb:set package 'sipeed_tof_cpp' build argument 'catkin_cmake_args' from command line to 'None'
[0.524s] Level 5:colcon.colcon_core.verb:set package 'sipeed_tof_cpp' build argument 'catkin_skip_building_tests' from command line to 'False'
[0.524s] DEBUG:colcon.colcon_core.verb:Building package 'sipeed_tof_cpp' with the following arguments: {'ament_cmake_args': None, 'build_base': '/workspace/sipeed_tof_v075_ros2_v0.3_20230309/ros2/build/sipeed_tof_cpp', 'catkin_cmake_args': None, 'catkin_skip_building_tests': False, 'cmake_args': None, 'cmake_clean_cache': False, 'cmake_clean_first': False, 'cmake_force_configure': False, 'cmake_target': None, 'cmake_target_skip_unavailable': False, 'install_base': '/workspace/sipeed_tof_v075_ros2_v0.3_20230309/ros2/install/sipeed_tof_cpp', 'merge_install': False, 'path': '/workspace/sipeed_tof_v075_ros2_v0.3_20230309/ros2/src/sipeed_tof_cpp', 'symlink_install': False, 'test_result_base': None}
[0.524s] INFO:colcon.colcon_core.executor:Executing jobs using 'parallel' executor
[0.526s] DEBUG:colcon.colcon_parallel_executor.executor.parallel:run_until_complete
[0.526s] INFO:colcon.colcon_ros.task.ament_python.build:Building ROS package in '/workspace/sipeed_tof_v075_ros2_v0.3_20230309/ros2/src/sipeed-tof' with build type 'ament_python'
[0.526s] Level 1:colcon.colcon_core.shell:create_environment_hook('sipeed_tof', 'ament_prefix_path')
[0.529s] INFO:colcon.colcon_core.plugin_system:Skipping extension 'colcon_core.shell.bat': Not used on non-Windows systems
[0.530s] INFO:colcon.colcon_core.shell:Creating environment hook '/workspace/sipeed_tof_v075_ros2_v0.3_20230309/ros2/install/sipeed_tof/share/sipeed_tof/hook/ament_prefix_path.ps1'
[0.531s] INFO:colcon.colcon_core.shell:Creating environment descriptor '/workspace/sipeed_tof_v075_ros2_v0.3_20230309/ros2/install/sipeed_tof/share/sipeed_tof/hook/ament_prefix_path.dsv'
[0.532s] INFO:colcon.colcon_core.shell:Creating environment hook '/workspace/sipeed_tof_v075_ros2_v0.3_20230309/ros2/install/sipeed_tof/share/sipeed_tof/hook/ament_prefix_path.sh'
[0.533s] INFO:colcon.colcon_core.shell:Skip shell extension 'powershell' for command environment: Not usable outside of PowerShell
[0.533s] DEBUG:colcon.colcon_core.shell:Skip shell extension 'dsv' for command environment
[0.537s] INFO:colcon.colcon_ros.task.ament_cmake.build:Building ROS package in '/workspace/sipeed_tof_v075_ros2_v0.3_20230309/ros2/src/sipeed_tof_cpp' with build type 'ament_cmake'
[0.537s] INFO:colcon.colcon_cmake.task.cmake.build:Building CMake package in '/workspace/sipeed_tof_v075_ros2_v0.3_20230309/ros2/src/sipeed_tof_cpp'
[0.538s] INFO:colcon.colcon_core.shell:Skip shell extension 'powershell' for command environment: Not usable outside of PowerShell
[0.538s] DEBUG:colcon.colcon_core.shell:Skip shell extension 'dsv' for command environment
[0.882s] INFO:colcon.colcon_core.task.python.build:Building Python package in '/workspace/sipeed_tof_v075_ros2_v0.3_20230309/ros2/src/sipeed-tof'
[0.882s] INFO:colcon.colcon_core.shell:Skip shell extension 'powershell' for command environment: Not usable outside of PowerShell
[0.882s] DEBUG:colcon.colcon_core.shell:Skip shell extension 'dsv' for command environment
[0.890s] DEBUG:colcon.colcon_core.event_handler.log_command:Invoking command in '/workspace/sipeed_tof_v075_ros2_v0.3_20230309/ros2/build/sipeed_tof_cpp': CMAKE_PREFIX_PATH=/opt/ros/humble /usr/bin/cmake /workspace/sipeed_tof_v075_ros2_v0.3_20230309/ros2/src/sipeed_tof_cpp -DCMAKE_INSTALL_PREFIX=/workspace/sipeed_tof_v075_ros2_v0.3_20230309/ros2/install/sipeed_tof_cpp
[1.461s] DEBUG:colcon.colcon_core.event_handler.log_command:Invoking command in '/workspace/sipeed_tof_v075_ros2_v0.3_20230309/ros2/src/sipeed-tof': PYTHONPATH=/workspace/sipeed_tof_v075_ros2_v0.3_20230309/ros2/build/sipeed_tof/prefix_override:/workspace/sipeed_tof_v075_ros2_v0.3_20230309/ros2/install/sipeed_tof/lib/python3.10/site-packages:${PYTHONPATH} /usr/bin/python3 -W ignore:setup.py install is deprecated setup.py egg_info --egg-base ../../build/sipeed_tof build --build-base /workspace/sipeed_tof_v075_ros2_v0.3_20230309/ros2/build/sipeed_tof/build install --record /workspace/sipeed_tof_v075_ros2_v0.3_20230309/ros2/build/sipeed_tof/install.log --single-version-externally-managed install_data
[1.940s] DEBUG:colcon.colcon_core.event_handler.log_command:Invoked command in '/workspace/sipeed_tof_v075_ros2_v0.3_20230309/ros2/src/sipeed-tof' returned '0': PYTHONPATH=/workspace/sipeed_tof_v075_ros2_v0.3_20230309/ros2/build/sipeed_tof/prefix_override:/workspace/sipeed_tof_v075_ros2_v0.3_20230309/ros2/install/sipeed_tof/lib/python3.10/site-packages:${PYTHONPATH} /usr/bin/python3 -W ignore:setup.py install is deprecated setup.py egg_info --egg-base ../../build/sipeed_tof build --build-base /workspace/sipeed_tof_v075_ros2_v0.3_20230309/ros2/build/sipeed_tof/build install --record /workspace/sipeed_tof_v075_ros2_v0.3_20230309/ros2/build/sipeed_tof/install.log --single-version-externally-managed install_data
[1.943s] Level 1:colcon.colcon_core.environment:checking '/workspace/sipeed_tof_v075_ros2_v0.3_20230309/ros2/install/sipeed_tof' for CMake module files
[1.943s] Level 1:colcon.colcon_core.environment:checking '/workspace/sipeed_tof_v075_ros2_v0.3_20230309/ros2/install/sipeed_tof' for CMake config files
[1.944s] Level 1:colcon.colcon_core.environment:checking '/workspace/sipeed_tof_v075_ros2_v0.3_20230309/ros2/install/sipeed_tof/lib'
[1.945s] Level 1:colcon.colcon_core.environment:checking '/workspace/sipeed_tof_v075_ros2_v0.3_20230309/ros2/install/sipeed_tof/bin'
[1.945s] Level 1:colcon.colcon_core.environment:checking '/workspace/sipeed_tof_v075_ros2_v0.3_20230309/ros2/install/sipeed_tof/lib/pkgconfig/sipeed_tof.pc'
[1.945s] Level 1:colcon.colcon_core.environment:checking '/workspace/sipeed_tof_v075_ros2_v0.3_20230309/ros2/install/sipeed_tof/lib/python3.10/site-packages'
[1.945s] Level 1:colcon.colcon_core.shell:create_environment_hook('sipeed_tof', 'pythonpath')
[1.946s] INFO:colcon.colcon_core.shell:Creating environment hook '/workspace/sipeed_tof_v075_ros2_v0.3_20230309/ros2/install/sipeed_tof/share/sipeed_tof/hook/pythonpath.ps1'
[1.946s] INFO:colcon.colcon_core.shell:Creating environment descriptor '/workspace/sipeed_tof_v075_ros2_v0.3_20230309/ros2/install/sipeed_tof/share/sipeed_tof/hook/pythonpath.dsv'
[1.947s] INFO:colcon.colcon_core.shell:Creating environment hook '/workspace/sipeed_tof_v075_ros2_v0.3_20230309/ros2/install/sipeed_tof/share/sipeed_tof/hook/pythonpath.sh'
[1.947s] Level 1:colcon.colcon_core.environment:checking '/workspace/sipeed_tof_v075_ros2_v0.3_20230309/ros2/install/sipeed_tof/bin'
[1.947s] Level 1:colcon.colcon_core.environment:create_environment_scripts_only(sipeed_tof)
[1.948s] INFO:colcon.colcon_core.shell:Creating package script '/workspace/sipeed_tof_v075_ros2_v0.3_20230309/ros2/install/sipeed_tof/share/sipeed_tof/package.ps1'
[1.949s] INFO:colcon.colcon_core.shell:Creating package descriptor '/workspace/sipeed_tof_v075_ros2_v0.3_20230309/ros2/install/sipeed_tof/share/sipeed_tof/package.dsv'
[1.950s] INFO:colcon.colcon_core.shell:Creating package script '/workspace/sipeed_tof_v075_ros2_v0.3_20230309/ros2/install/sipeed_tof/share/sipeed_tof/package.sh'
[1.951s] INFO:colcon.colcon_core.shell:Creating package script '/workspace/sipeed_tof_v075_ros2_v0.3_20230309/ros2/install/sipeed_tof/share/sipeed_tof/package.bash'
[1.952s] INFO:colcon.colcon_core.shell:Creating package script '/workspace/sipeed_tof_v075_ros2_v0.3_20230309/ros2/install/sipeed_tof/share/sipeed_tof/package.zsh'
[1.953s] Level 1:colcon.colcon_core.environment:create_file_with_runtime_dependencies(/workspace/sipeed_tof_v075_ros2_v0.3_20230309/ros2/install/sipeed_tof/share/colcon-core/packages/sipeed_tof)
[3.509s] DEBUG:colcon.colcon_core.event_handler.log_command:Invoked command in '/workspace/sipeed_tof_v075_ros2_v0.3_20230309/ros2/build/sipeed_tof_cpp' returned '0': CMAKE_PREFIX_PATH=/opt/ros/humble /usr/bin/cmake /workspace/sipeed_tof_v075_ros2_v0.3_20230309/ros2/src/sipeed_tof_cpp -DCMAKE_INSTALL_PREFIX=/workspace/sipeed_tof_v075_ros2_v0.3_20230309/ros2/install/sipeed_tof_cpp
[3.512s] DEBUG:colcon.colcon_core.event_handler.log_command:Invoking command in '/workspace/sipeed_tof_v075_ros2_v0.3_20230309/ros2/build/sipeed_tof_cpp': CMAKE_PREFIX_PATH=/opt/ros/humble /usr/bin/cmake --build /workspace/sipeed_tof_v075_ros2_v0.3_20230309/ros2/build/sipeed_tof_cpp -- -j4 -l4
[16.056s] DEBUG:colcon.colcon_core.event_handler.log_command:Invoked command in '/workspace/sipeed_tof_v075_ros2_v0.3_20230309/ros2/build/sipeed_tof_cpp' returned '0': CMAKE_PREFIX_PATH=/opt/ros/humble /usr/bin/cmake --build /workspace/sipeed_tof_v075_ros2_v0.3_20230309/ros2/build/sipeed_tof_cpp -- -j4 -l4
[16.127s] DEBUG:colcon.colcon_core.event_handler.log_command:Invoking command in '/workspace/sipeed_tof_v075_ros2_v0.3_20230309/ros2/build/sipeed_tof_cpp': CMAKE_PREFIX_PATH=/opt/ros/humble /usr/bin/cmake --install /workspace/sipeed_tof_v075_ros2_v0.3_20230309/ros2/build/sipeed_tof_cpp
[16.152s] Level 1:colcon.colcon_core.environment:create_environment_scripts_only(sipeed_tof_cpp)
[16.153s] Level 1:colcon.colcon_core.environment:checking '/workspace/sipeed_tof_v075_ros2_v0.3_20230309/ros2/install/sipeed_tof_cpp' for CMake module files
[16.153s] DEBUG:colcon.colcon_core.event_handler.log_command:Invoked command in '/workspace/sipeed_tof_v075_ros2_v0.3_20230309/ros2/build/sipeed_tof_cpp' returned '0': CMAKE_PREFIX_PATH=/opt/ros/humble /usr/bin/cmake --install /workspace/sipeed_tof_v075_ros2_v0.3_20230309/ros2/build/sipeed_tof_cpp
[16.154s] Level 1:colcon.colcon_core.environment:checking '/workspace/sipeed_tof_v075_ros2_v0.3_20230309/ros2/install/sipeed_tof_cpp' for CMake config files
[16.154s] Level 1:colcon.colcon_core.shell:create_environment_hook('sipeed_tof_cpp', 'cmake_prefix_path')
[16.155s] INFO:colcon.colcon_core.shell:Creating environment hook '/workspace/sipeed_tof_v075_ros2_v0.3_20230309/ros2/install/sipeed_tof_cpp/share/sipeed_tof_cpp/hook/cmake_prefix_path.ps1'
[16.155s] INFO:colcon.colcon_core.shell:Creating environment descriptor '/workspace/sipeed_tof_v075_ros2_v0.3_20230309/ros2/install/sipeed_tof_cpp/share/sipeed_tof_cpp/hook/cmake_prefix_path.dsv'
[16.156s] INFO:colcon.colcon_core.shell:Creating environment hook '/workspace/sipeed_tof_v075_ros2_v0.3_20230309/ros2/install/sipeed_tof_cpp/share/sipeed_tof_cpp/hook/cmake_prefix_path.sh'
[16.157s] Level 1:colcon.colcon_core.environment:checking '/workspace/sipeed_tof_v075_ros2_v0.3_20230309/ros2/install/sipeed_tof_cpp/lib'
[16.157s] Level 1:colcon.colcon_core.environment:checking '/workspace/sipeed_tof_v075_ros2_v0.3_20230309/ros2/install/sipeed_tof_cpp/bin'
[16.157s] Level 1:colcon.colcon_core.environment:checking '/workspace/sipeed_tof_v075_ros2_v0.3_20230309/ros2/install/sipeed_tof_cpp/lib/pkgconfig/sipeed_tof_cpp.pc'
[16.157s] Level 1:colcon.colcon_core.environment:checking '/workspace/sipeed_tof_v075_ros2_v0.3_20230309/ros2/install/sipeed_tof_cpp/lib/python3.10/site-packages'
[16.157s] Level 1:colcon.colcon_core.environment:checking '/workspace/sipeed_tof_v075_ros2_v0.3_20230309/ros2/install/sipeed_tof_cpp/bin'
[16.158s] INFO:colcon.colcon_core.shell:Creating package script '/workspace/sipeed_tof_v075_ros2_v0.3_20230309/ros2/install/sipeed_tof_cpp/share/sipeed_tof_cpp/package.ps1'
[16.158s] INFO:colcon.colcon_core.shell:Creating package descriptor '/workspace/sipeed_tof_v075_ros2_v0.3_20230309/ros2/install/sipeed_tof_cpp/share/sipeed_tof_cpp/package.dsv'
[16.159s] INFO:colcon.colcon_core.shell:Creating package script '/workspace/sipeed_tof_v075_ros2_v0.3_20230309/ros2/install/sipeed_tof_cpp/share/sipeed_tof_cpp/package.sh'
[16.159s] INFO:colcon.colcon_core.shell:Creating package script '/workspace/sipeed_tof_v075_ros2_v0.3_20230309/ros2/install/sipeed_tof_cpp/share/sipeed_tof_cpp/package.bash'
[16.160s] INFO:colcon.colcon_core.shell:Creating package script '/workspace/sipeed_tof_v075_ros2_v0.3_20230309/ros2/install/sipeed_tof_cpp/share/sipeed_tof_cpp/package.zsh'
[16.160s] Level 1:colcon.colcon_core.environment:create_file_with_runtime_dependencies(/workspace/sipeed_tof_v075_ros2_v0.3_20230309/ros2/install/sipeed_tof_cpp/share/colcon-core/packages/sipeed_tof_cpp)
[16.213s] Level 1:colcon.colcon_core.environment:create_environment_scripts_only(sipeed_tof_cpp)
[16.213s] Level 1:colcon.colcon_core.environment:checking '/workspace/sipeed_tof_v075_ros2_v0.3_20230309/ros2/install/sipeed_tof_cpp' for CMake module files
[16.214s] Level 1:colcon.colcon_core.environment:checking '/workspace/sipeed_tof_v075_ros2_v0.3_20230309/ros2/install/sipeed_tof_cpp' for CMake config files
[16.215s] Level 1:colcon.colcon_core.shell:create_environment_hook('sipeed_tof_cpp', 'cmake_prefix_path')
[16.215s] INFO:colcon.colcon_core.shell:Creating environment hook '/workspace/sipeed_tof_v075_ros2_v0.3_20230309/ros2/install/sipeed_tof_cpp/share/sipeed_tof_cpp/hook/cmake_prefix_path.ps1'
[16.216s] INFO:colcon.colcon_core.shell:Creating environment descriptor '/workspace/sipeed_tof_v075_ros2_v0.3_20230309/ros2/install/sipeed_tof_cpp/share/sipeed_tof_cpp/hook/cmake_prefix_path.dsv'
[16.216s] INFO:colcon.colcon_core.shell:Creating environment hook '/workspace/sipeed_tof_v075_ros2_v0.3_20230309/ros2/install/sipeed_tof_cpp/share/sipeed_tof_cpp/hook/cmake_prefix_path.sh'
[16.217s] Level 1:colcon.colcon_core.environment:checking '/workspace/sipeed_tof_v075_ros2_v0.3_20230309/ros2/install/sipeed_tof_cpp/lib'
[16.218s] Level 1:colcon.colcon_core.environment:checking '/workspace/sipeed_tof_v075_ros2_v0.3_20230309/ros2/install/sipeed_tof_cpp/bin'
[16.218s] Level 1:colcon.colcon_core.environment:checking '/workspace/sipeed_tof_v075_ros2_v0.3_20230309/ros2/install/sipeed_tof_cpp/lib/pkgconfig/sipeed_tof_cpp.pc'
[16.218s] Level 1:colcon.colcon_core.environment:checking '/workspace/sipeed_tof_v075_ros2_v0.3_20230309/ros2/install/sipeed_tof_cpp/lib/python3.10/site-packages'
[16.218s] Level 1:colcon.colcon_core.environment:checking '/workspace/sipeed_tof_v075_ros2_v0.3_20230309/ros2/install/sipeed_tof_cpp/bin'
[16.219s] INFO:colcon.colcon_core.shell:Creating package script '/workspace/sipeed_tof_v075_ros2_v0.3_20230309/ros2/install/sipeed_tof_cpp/share/sipeed_tof_cpp/package.ps1'
[16.220s] INFO:colcon.colcon_core.shell:Creating package descriptor '/workspace/sipeed_tof_v075_ros2_v0.3_20230309/ros2/install/sipeed_tof_cpp/share/sipeed_tof_cpp/package.dsv'
[16.220s] INFO:colcon.colcon_core.shell:Creating package script '/workspace/sipeed_tof_v075_ros2_v0.3_20230309/ros2/install/sipeed_tof_cpp/share/sipeed_tof_cpp/package.sh'
[16.221s] INFO:colcon.colcon_core.shell:Creating package script '/workspace/sipeed_tof_v075_ros2_v0.3_20230309/ros2/install/sipeed_tof_cpp/share/sipeed_tof_cpp/package.bash'
[16.222s] INFO:colcon.colcon_core.shell:Creating package script '/workspace/sipeed_tof_v075_ros2_v0.3_20230309/ros2/install/sipeed_tof_cpp/share/sipeed_tof_cpp/package.zsh'
[16.222s] Level 1:colcon.colcon_core.environment:create_file_with_runtime_dependencies(/workspace/sipeed_tof_v075_ros2_v0.3_20230309/ros2/install/sipeed_tof_cpp/share/colcon-core/packages/sipeed_tof_cpp)
[16.223s] DEBUG:colcon.colcon_parallel_executor.executor.parallel:closing loop
[16.223s] DEBUG:colcon.colcon_parallel_executor.executor.parallel:loop closed
[16.223s] DEBUG:colcon.colcon_parallel_executor.executor.parallel:run_until_complete finished with '0'
[16.224s] DEBUG:colcon.colcon_core.event_reactor:joining thread
[16.233s] INFO:colcon.colcon_core.plugin_system:Skipping extension 'colcon_notification.desktop_notification.notify_send': Could not find 'notify-send'
[16.233s] INFO:colcon.colcon_core.plugin_system:Skipping extension 'colcon_notification.desktop_notification.terminal_notifier': Not used on non-Darwin systems
[16.233s] INFO:colcon.colcon_core.plugin_system:Skipping extension 'colcon_notification.desktop_notification.win32': Not used on non-Windows systems
[16.233s] INFO:colcon.colcon_notification.desktop_notification:Sending desktop notification using 'notify2'
[16.233s] DEBUG:colcon.colcon_notification.desktop_notification.notify2:Failed to initialize notify2: org.freedesktop.DBus.Error.NotSupported: Unable to autolaunch a dbus-daemon without a $DISPLAY for X11
[16.234s] DEBUG:colcon.colcon_core.event_reactor:joined thread
[16.234s] INFO:colcon.colcon_core.shell:Creating prefix script '/workspace/sipeed_tof_v075_ros2_v0.3_20230309/ros2/install/local_setup.ps1'
[16.235s] INFO:colcon.colcon_core.shell:Creating prefix util module '/workspace/sipeed_tof_v075_ros2_v0.3_20230309/ros2/install/_local_setup_util_ps1.py'
[16.237s] INFO:colcon.colcon_core.shell:Creating prefix chain script '/workspace/sipeed_tof_v075_ros2_v0.3_20230309/ros2/install/setup.ps1'
[16.239s] INFO:colcon.colcon_core.shell:Creating prefix script '/workspace/sipeed_tof_v075_ros2_v0.3_20230309/ros2/install/local_setup.sh'
[16.240s] INFO:colcon.colcon_core.shell:Creating prefix util module '/workspace/sipeed_tof_v075_ros2_v0.3_20230309/ros2/install/_local_setup_util_sh.py'
[16.240s] INFO:colcon.colcon_core.shell:Creating prefix chain script '/workspace/sipeed_tof_v075_ros2_v0.3_20230309/ros2/install/setup.sh'
[16.242s] INFO:colcon.colcon_core.shell:Creating prefix script '/workspace/sipeed_tof_v075_ros2_v0.3_20230309/ros2/install/local_setup.bash'
[16.242s] INFO:colcon.colcon_core.shell:Creating prefix chain script '/workspace/sipeed_tof_v075_ros2_v0.3_20230309/ros2/install/setup.bash'
[16.244s] INFO:colcon.colcon_core.shell:Creating prefix script '/workspace/sipeed_tof_v075_ros2_v0.3_20230309/ros2/install/local_setup.zsh'
[16.244s] INFO:colcon.colcon_core.shell:Creating prefix chain script '/workspace/sipeed_tof_v075_ros2_v0.3_20230309/ros2/install/setup.zsh'
