In file included from [01m[K/workspace/sipeed_tof_v075_ros2_v0.3_20230309/ros2/src/sipeed_tof_cpp/src/publisher.cpp:26[m[K:
[01m[K/workspace/sipeed_tof_v075_ros2_v0.3_20230309/ros2/src/sipeed_tof_cpp/src/process.hpp:[m[K In lambda function:
[01m[K/workspace/sipeed_tof_v075_ros2_v0.3_20230309/ros2/src/sipeed_tof_cpp/src/process.hpp:424:48:[m[K [01;35m[Kwarning: [m[Kunused parameter ‘[01m[Kcinfo[m[K’ [[01;35m[K-Wunused-parameter[m[K]
  424 |                 err.error_exit=[]([01;35m[Kj_common_ptr cinfo[m[K){};
      |                                   [01;35m[K~~~~~~~~~~~~~^~~~~[m[K
[01m[K/workspace/sipeed_tof_v075_ros2_v0.3_20230309/ros2/src/sipeed_tof_cpp/src/publisher.cpp:[m[K In function ‘[01m[Kvoid http_request_done(evhttp_request*, void*)[m[K’:
[01m[K/workspace/sipeed_tof_v075_ros2_v0.3_20230309/ros2/src/sipeed_tof_cpp/src/publisher.cpp:60:9:[m[K [01;35m[Kwarning: [m[Kcomparison of integer expressions of different signedness: ‘[01m[Kint[m[K’ and ‘[01m[Klong unsigned int[m[K’ [[01;35m[K-Wsign-compare[m[K]
   60 |     if([01;35m[Ks<sizeof(requestdata)[m[K){
      |        [01;35m[K~^~~~~~~~~~~~~~~~~~~~[m[K
[01m[K/workspace/sipeed_tof_v075_ros2_v0.3_20230309/ros2/src/sipeed_tof_cpp/src/publisher.cpp:[m[K In member function ‘[01m[Kvoid PointCloudPublisher::timer_callback()[m[K’:
[01m[K/workspace/sipeed_tof_v075_ros2_v0.3_20230309/ros2/src/sipeed_tof_cpp/src/publisher.cpp:172:13:[m[K [01;35m[Kwarning: [m[Kunused variable ‘[01m[Kret[m[K’ [[01;35m[K-Wunused-variable[m[K]
  172 |         int [01;35m[Kret[m[K=send_request(EVHTTP_REQ_GET,"/getdeep",0,0);
      |             [01;35m[K^~~[m[K
In file included from [01m[K/workspace/sipeed_tof_v075_ros2_v0.3_20230309/ros2/src/sipeed_tof_cpp/src/process.hpp:5[m[K,
                 from [01m[K/workspace/sipeed_tof_v075_ros2_v0.3_20230309/ros2/src/sipeed_tof_cpp/src/publisher.cpp:26[m[K:
[01m[K/workspace/sipeed_tof_v075_ros2_v0.3_20230309/ros2/src/sipeed_tof_cpp/src/data_structs.h:[m[K In member function ‘[01m[Kint all_config_t::get_depth_size()[m[K’:
[01m[K/workspace/sipeed_tof_v075_ros2_v0.3_20230309/ros2/src/sipeed_tof_cpp/src/data_structs.h:27:5:[m[K [01;35m[Kwarning: [m[Kcontrol reaches end of non-void function [[01;35m[K-Wreturn-type[m[K]
   27 |     [01;35m[K}[m[K
      |     [01;35m[K^[m[K
[01m[K/workspace/sipeed_tof_v075_ros2_v0.3_20230309/ros2/src/sipeed_tof_cpp/src/data_structs.h:[m[K In member function ‘[01m[Kint all_config_t::get_ir_size()[m[K’:
[01m[K/workspace/sipeed_tof_v075_ros2_v0.3_20230309/ros2/src/sipeed_tof_cpp/src/data_structs.h:33:5:[m[K [01;35m[Kwarning: [m[Kcontrol reaches end of non-void function [[01;35m[K-Wreturn-type[m[K]
   33 |     [01;35m[K}[m[K
      |     [01;35m[K^[m[K
[01m[K/workspace/sipeed_tof_v075_ros2_v0.3_20230309/ros2/src/sipeed_tof_cpp/src/data_structs.h:[m[K In member function ‘[01m[Kint all_config_t::get_status_size()[m[K’:
[01m[K/workspace/sipeed_tof_v075_ros2_v0.3_20230309/ros2/src/sipeed_tof_cpp/src/data_structs.h:41:5:[m[K [01;35m[Kwarning: [m[Kcontrol reaches end of non-void function [[01;35m[K-Wreturn-type[m[K]
   41 |     [01;35m[K}[m[K;
      |     [01;35m[K^[m[K
