-- The C compiler identification is GNU 11.4.0
-- The CXX compiler identification is GNU 11.4.0
-- Detecting C compiler ABI info
-- Detecting C compiler ABI info - done
-- Check for working C compiler: /usr/lib/ccache/cc - skipped
-- Detecting C compile features
-- Detecting C compile features - done
-- Detecting CXX compiler ABI info
-- Detecting CXX compiler ABI info - done
-- Check for working CXX compiler: /usr/lib/ccache/c++ - skipped
-- Detecting CXX compile features
-- Detecting CXX compile features - done
-- Found ament_cmake: 1.3.8 (/opt/ros/humble/share/ament_cmake/cmake)
-- Found Python3: /usr/bin/python3 (found version "3.10.12") found components: Interpreter 
-- Found std_msgs: 4.2.3 (/opt/ros/humble/share/std_msgs/cmake)
-- Found rosidl_generator_c: 3.1.5 (/opt/ros/humble/share/rosidl_generator_c/cmake)
-- Found rosidl_adapter: 3.1.5 (/opt/ros/humble/share/rosidl_adapter/cmake)
-- Found rosidl_generator_cpp: 3.1.5 (/opt/ros/humble/share/rosidl_generator_cpp/cmake)
-- Using all available rosidl_typesupport_c: rosidl_typesupport_fastrtps_c;rosidl_typesupport_introspection_c
-- Using all available rosidl_typesupport_cpp: rosidl_typesupport_fastrtps_cpp;rosidl_typesupport_introspection_cpp
-- Found sensor_msgs: 4.2.3 (/opt/ros/humble/share/sensor_msgs/cmake)
-- Found rclcpp: 16.0.8 (/opt/ros/humble/share/rclcpp/cmake)
-- Found rmw_implementation_cmake: 6.1.1 (/opt/ros/humble/share/rmw_implementation_cmake/cmake)
-- Found rmw_fastrtps_cpp: 6.2.6 (/opt/ros/humble/share/rmw_fastrtps_cpp/cmake)
-- Found OpenSSL: /usr/lib/aarch64-linux-gnu/libcrypto.so (found version "3.0.2")  
-- Found FastRTPS: /opt/ros/humble/include  
-- Using RMW implementation 'rmw_fastrtps_cpp' as default
-- Looking for pthread.h
-- Looking for pthread.h - found
-- Performing Test CMAKE_HAVE_LIBC_PTHREAD
-- Performing Test CMAKE_HAVE_LIBC_PTHREAD - Success
-- Found Threads: TRUE  
-- Found OpenCV: /usr (found version "4.5.4") 
-- Found cv_bridge: 3.2.1 (/opt/ros/humble/share/cv_bridge/cmake)
-- Found ament_lint_auto: 0.12.10 (/opt/ros/humble/share/ament_lint_auto/cmake)
-- Added test 'copyright' to check source files copyright and LICENSE
-- Added test 'cppcheck' to perform static code analysis on C / C++ code
-- Configured cppcheck include dirs: 
-- Configured cppcheck exclude dirs and/or files: 
-- Added test 'cpplint' to check C / C++ code against the Google style
-- Configured cpplint exclude dirs and/or files: 
-- Added test 'lint_cmake' to check CMake code style
-- Added test 'uncrustify' to check C / C++ code style
-- Configured uncrustify additional arguments: 
-- Added test 'xmllint' to check XML markup files
-- Configuring done
-- Generating done
-- Build files have been written to: /workspace/sipeed_tof_v075_ros2_v0.3_20230309/ros2/build/sipeed_tof_cpp
[ 75%] [32mBuilding CXX object CMakeFiles/publisher.dir/src/process.cpp.o[0m
[ 75%] [32mBuilding CXX object CMakeFiles/publisher.dir/src/publisher.cpp.o[0m
[ 75%] [32mBuilding C object CMakeFiles/publisher.dir/src/cJSON.c.o[0m
In file included from [01m[K/workspace/sipeed_tof_v075_ros2_v0.3_20230309/ros2/src/sipeed_tof_cpp/src/publisher.cpp:26[m[K:
[01m[K/workspace/sipeed_tof_v075_ros2_v0.3_20230309/ros2/src/sipeed_tof_cpp/src/process.hpp:[m[K In lambda function:
[01m[K/workspace/sipeed_tof_v075_ros2_v0.3_20230309/ros2/src/sipeed_tof_cpp/src/process.hpp:424:48:[m[K [01;35m[Kwarning: [m[Kunused parameter ‘[01m[Kcinfo[m[K’ [[01;35m[K-Wunused-parameter[m[K]
  424 |                 err.error_exit=[]([01;35m[Kj_common_ptr cinfo[m[K){};
      |                                   [01;35m[K~~~~~~~~~~~~~^~~~~[m[K
[01m[K/workspace/sipeed_tof_v075_ros2_v0.3_20230309/ros2/src/sipeed_tof_cpp/src/publisher.cpp:[m[K In function ‘[01m[Kvoid http_request_done(evhttp_request*, void*)[m[K’:
[01m[K/workspace/sipeed_tof_v075_ros2_v0.3_20230309/ros2/src/sipeed_tof_cpp/src/publisher.cpp:60:9:[m[K [01;35m[Kwarning: [m[Kcomparison of integer expressions of different signedness: ‘[01m[Kint[m[K’ and ‘[01m[Klong unsigned int[m[K’ [[01;35m[K-Wsign-compare[m[K]
   60 |     if([01;35m[Ks<sizeof(requestdata)[m[K){
      |        [01;35m[K~^~~~~~~~~~~~~~~~~~~~[m[K
[01m[K/workspace/sipeed_tof_v075_ros2_v0.3_20230309/ros2/src/sipeed_tof_cpp/src/publisher.cpp:[m[K In member function ‘[01m[Kvoid PointCloudPublisher::timer_callback()[m[K’:
[01m[K/workspace/sipeed_tof_v075_ros2_v0.3_20230309/ros2/src/sipeed_tof_cpp/src/publisher.cpp:172:13:[m[K [01;35m[Kwarning: [m[Kunused variable ‘[01m[Kret[m[K’ [[01;35m[K-Wunused-variable[m[K]
  172 |         int [01;35m[Kret[m[K=send_request(EVHTTP_REQ_GET,"/getdeep",0,0);
      |             [01;35m[K^~~[m[K
In file included from [01m[K/workspace/sipeed_tof_v075_ros2_v0.3_20230309/ros2/src/sipeed_tof_cpp/src/process.hpp:5[m[K,
                 from [01m[K/workspace/sipeed_tof_v075_ros2_v0.3_20230309/ros2/src/sipeed_tof_cpp/src/publisher.cpp:26[m[K:
[01m[K/workspace/sipeed_tof_v075_ros2_v0.3_20230309/ros2/src/sipeed_tof_cpp/src/data_structs.h:[m[K In member function ‘[01m[Kint all_config_t::get_depth_size()[m[K’:
[01m[K/workspace/sipeed_tof_v075_ros2_v0.3_20230309/ros2/src/sipeed_tof_cpp/src/data_structs.h:27:5:[m[K [01;35m[Kwarning: [m[Kcontrol reaches end of non-void function [[01;35m[K-Wreturn-type[m[K]
   27 |     [01;35m[K}[m[K
      |     [01;35m[K^[m[K
[01m[K/workspace/sipeed_tof_v075_ros2_v0.3_20230309/ros2/src/sipeed_tof_cpp/src/data_structs.h:[m[K In member function ‘[01m[Kint all_config_t::get_ir_size()[m[K’:
[01m[K/workspace/sipeed_tof_v075_ros2_v0.3_20230309/ros2/src/sipeed_tof_cpp/src/data_structs.h:33:5:[m[K [01;35m[Kwarning: [m[Kcontrol reaches end of non-void function [[01;35m[K-Wreturn-type[m[K]
   33 |     [01;35m[K}[m[K
      |     [01;35m[K^[m[K
[01m[K/workspace/sipeed_tof_v075_ros2_v0.3_20230309/ros2/src/sipeed_tof_cpp/src/data_structs.h:[m[K In member function ‘[01m[Kint all_config_t::get_status_size()[m[K’:
[01m[K/workspace/sipeed_tof_v075_ros2_v0.3_20230309/ros2/src/sipeed_tof_cpp/src/data_structs.h:41:5:[m[K [01;35m[Kwarning: [m[Kcontrol reaches end of non-void function [[01;35m[K-Wreturn-type[m[K]
   41 |     [01;35m[K}[m[K;
      |     [01;35m[K^[m[K
[100%] [32m[1mLinking CXX executable publisher[0m
[100%] Built target publisher
-- Install configuration: ""
-- Installing: /workspace/sipeed_tof_v075_ros2_v0.3_20230309/ros2/install/sipeed_tof_cpp/lib/sipeed_tof_cpp/publisher
-- Set runtime path of "/workspace/sipeed_tof_v075_ros2_v0.3_20230309/ros2/install/sipeed_tof_cpp/lib/sipeed_tof_cpp/publisher" to ""
-- Installing: /workspace/sipeed_tof_v075_ros2_v0.3_20230309/ros2/install/sipeed_tof_cpp/share/ament_index/resource_index/package_run_dependencies/sipeed_tof_cpp
-- Installing: /workspace/sipeed_tof_v075_ros2_v0.3_20230309/ros2/install/sipeed_tof_cpp/share/ament_index/resource_index/parent_prefix_path/sipeed_tof_cpp
-- Installing: /workspace/sipeed_tof_v075_ros2_v0.3_20230309/ros2/install/sipeed_tof_cpp/share/sipeed_tof_cpp/environment/ament_prefix_path.sh
-- Installing: /workspace/sipeed_tof_v075_ros2_v0.3_20230309/ros2/install/sipeed_tof_cpp/share/sipeed_tof_cpp/environment/ament_prefix_path.dsv
-- Installing: /workspace/sipeed_tof_v075_ros2_v0.3_20230309/ros2/install/sipeed_tof_cpp/share/sipeed_tof_cpp/environment/path.sh
-- Installing: /workspace/sipeed_tof_v075_ros2_v0.3_20230309/ros2/install/sipeed_tof_cpp/share/sipeed_tof_cpp/environment/path.dsv
-- Installing: /workspace/sipeed_tof_v075_ros2_v0.3_20230309/ros2/install/sipeed_tof_cpp/share/sipeed_tof_cpp/local_setup.bash
-- Installing: /workspace/sipeed_tof_v075_ros2_v0.3_20230309/ros2/install/sipeed_tof_cpp/share/sipeed_tof_cpp/local_setup.sh
-- Installing: /workspace/sipeed_tof_v075_ros2_v0.3_20230309/ros2/install/sipeed_tof_cpp/share/sipeed_tof_cpp/local_setup.zsh
-- Installing: /workspace/sipeed_tof_v075_ros2_v0.3_20230309/ros2/install/sipeed_tof_cpp/share/sipeed_tof_cpp/local_setup.dsv
-- Installing: /workspace/sipeed_tof_v075_ros2_v0.3_20230309/ros2/install/sipeed_tof_cpp/share/sipeed_tof_cpp/package.dsv
-- Installing: /workspace/sipeed_tof_v075_ros2_v0.3_20230309/ros2/install/sipeed_tof_cpp/share/ament_index/resource_index/packages/sipeed_tof_cpp
-- Installing: /workspace/sipeed_tof_v075_ros2_v0.3_20230309/ros2/install/sipeed_tof_cpp/share/sipeed_tof_cpp/cmake/sipeed_tof_cppConfig.cmake
-- Installing: /workspace/sipeed_tof_v075_ros2_v0.3_20230309/ros2/install/sipeed_tof_cpp/share/sipeed_tof_cpp/cmake/sipeed_tof_cppConfig-version.cmake
-- Installing: /workspace/sipeed_tof_v075_ros2_v0.3_20230309/ros2/install/sipeed_tof_cpp/share/sipeed_tof_cpp/package.xml
