[0.352s] Invoking command in '/workspace/sipeed_tof_v075_ros2_v0.3_20230309/ros2/build/sipeed_tof_cpp': CMAKE_PREFIX_PATH=/opt/ros/humble /usr/bin/cmake /workspace/sipeed_tof_v075_ros2_v0.3_20230309/ros2/src/sipeed_tof_cpp -DCMAKE_INSTALL_PREFIX=/workspace/sipeed_tof_v075_ros2_v0.3_20230309/ros2/install/sipeed_tof_cpp
[0.478s] -- The C compiler identification is GNU 11.4.0
[0.585s] -- The CXX compiler identification is GNU 11.4.0
[0.600s] -- Detecting C compiler ABI info
[0.772s] -- Detecting C compiler ABI info - done
[0.772s] -- Check for working C compiler: /usr/lib/ccache/cc - skipped
[0.772s] -- Detecting C compile features
[0.772s] -- Detecting C compile features - done
[0.780s] -- Detecting CXX compiler ABI info
[0.975s] -- Detecting CXX compiler ABI info - done
[0.992s] -- Check for working CXX compiler: /usr/lib/ccache/c++ - skipped
[0.993s] -- Detecting CXX compile features
[0.993s] -- Detecting CXX compile features - done
[0.999s] -- Found ament_cmake: 1.3.8 (/opt/ros/humble/share/ament_cmake/cmake)
[1.239s] -- Found Python3: /usr/bin/python3 (found version "3.10.12") found components: Interpreter 
[1.412s] -- Found std_msgs: 4.2.3 (/opt/ros/humble/share/std_msgs/cmake)
[1.465s] -- Found rosidl_generator_c: 3.1.5 (/opt/ros/humble/share/rosidl_generator_c/cmake)
[1.474s] -- Found rosidl_adapter: 3.1.5 (/opt/ros/humble/share/rosidl_adapter/cmake)
[1.487s] -- Found rosidl_generator_cpp: 3.1.5 (/opt/ros/humble/share/rosidl_generator_cpp/cmake)
[1.509s] -- Using all available rosidl_typesupport_c: rosidl_typesupport_fastrtps_c;rosidl_typesupport_introspection_c
[1.538s] -- Using all available rosidl_typesupport_cpp: rosidl_typesupport_fastrtps_cpp;rosidl_typesupport_introspection_cpp
[1.624s] -- Found sensor_msgs: 4.2.3 (/opt/ros/humble/share/sensor_msgs/cmake)
[1.811s] -- Found rclcpp: 16.0.8 (/opt/ros/humble/share/rclcpp/cmake)
[1.903s] -- Found rmw_implementation_cmake: 6.1.1 (/opt/ros/humble/share/rmw_implementation_cmake/cmake)
[1.907s] -- Found rmw_fastrtps_cpp: 6.2.6 (/opt/ros/humble/share/rmw_fastrtps_cpp/cmake)
[2.083s] -- Found OpenSSL: /usr/lib/aarch64-linux-gnu/libcrypto.so (found version "3.0.2")  
[2.124s] -- Found FastRTPS: /opt/ros/humble/include  
[2.199s] -- Using RMW implementation 'rmw_fastrtps_cpp' as default
[2.215s] -- Looking for pthread.h
[2.382s] -- Looking for pthread.h - found
[2.382s] -- Performing Test CMAKE_HAVE_LIBC_PTHREAD
[2.551s] -- Performing Test CMAKE_HAVE_LIBC_PTHREAD - Success
[2.553s] -- Found Threads: TRUE  
[2.762s] -- Found OpenCV: /usr (found version "4.5.4") 
[2.765s] -- Found cv_bridge: 3.2.1 (/opt/ros/humble/share/cv_bridge/cmake)
[2.786s] -- Found ament_lint_auto: 0.12.10 (/opt/ros/humble/share/ament_lint_auto/cmake)
[2.917s] -- Added test 'copyright' to check source files copyright and LICENSE
[2.919s] -- Added test 'cppcheck' to perform static code analysis on C / C++ code
[2.919s] -- Configured cppcheck include dirs: 
[2.919s] -- Configured cppcheck exclude dirs and/or files: 
[2.920s] -- Added test 'cpplint' to check C / C++ code against the Google style
[2.920s] -- Configured cpplint exclude dirs and/or files: 
[2.921s] -- Added test 'lint_cmake' to check CMake code style
[2.923s] -- Added test 'uncrustify' to check C / C++ code style
[2.923s] -- Configured uncrustify additional arguments: 
[2.923s] -- Added test 'xmllint' to check XML markup files
[2.925s] -- Configuring done
[2.948s] -- Generating done
[2.951s] -- Build files have been written to: /workspace/sipeed_tof_v075_ros2_v0.3_20230309/ros2/build/sipeed_tof_cpp
[2.971s] Invoked command in '/workspace/sipeed_tof_v075_ros2_v0.3_20230309/ros2/build/sipeed_tof_cpp' returned '0': CMAKE_PREFIX_PATH=/opt/ros/humble /usr/bin/cmake /workspace/sipeed_tof_v075_ros2_v0.3_20230309/ros2/src/sipeed_tof_cpp -DCMAKE_INSTALL_PREFIX=/workspace/sipeed_tof_v075_ros2_v0.3_20230309/ros2/install/sipeed_tof_cpp
[2.974s] Invoking command in '/workspace/sipeed_tof_v075_ros2_v0.3_20230309/ros2/build/sipeed_tof_cpp': CMAKE_PREFIX_PATH=/opt/ros/humble /usr/bin/cmake --build /workspace/sipeed_tof_v075_ros2_v0.3_20230309/ros2/build/sipeed_tof_cpp -- -j4 -l4
[3.072s] [ 75%] [32mBuilding CXX object CMakeFiles/publisher.dir/src/process.cpp.o[0m
[3.072s] [ 75%] [32mBuilding CXX object CMakeFiles/publisher.dir/src/publisher.cpp.o[0m
[3.073s] [ 75%] [32mBuilding C object CMakeFiles/publisher.dir/src/cJSON.c.o[0m
[13.958s] In file included from [01m[K/workspace/sipeed_tof_v075_ros2_v0.3_20230309/ros2/src/sipeed_tof_cpp/src/publisher.cpp:26[m[K:
[13.959s] [01m[K/workspace/sipeed_tof_v075_ros2_v0.3_20230309/ros2/src/sipeed_tof_cpp/src/process.hpp:[m[K In lambda function:
[13.959s] [01m[K/workspace/sipeed_tof_v075_ros2_v0.3_20230309/ros2/src/sipeed_tof_cpp/src/process.hpp:424:48:[m[K [01;35m[Kwarning: [m[Kunused parameter ‘[01m[Kcinfo[m[K’ [[01;35m[K-Wunused-parameter[m[K]
[13.959s]   424 |                 err.error_exit=[]([01;35m[Kj_common_ptr cinfo[m[K){};
[13.959s]       |                                   [01;35m[K~~~~~~~~~~~~~^~~~~[m[K
[13.959s] [01m[K/workspace/sipeed_tof_v075_ros2_v0.3_20230309/ros2/src/sipeed_tof_cpp/src/publisher.cpp:[m[K In function ‘[01m[Kvoid http_request_done(evhttp_request*, void*)[m[K’:
[13.959s] [01m[K/workspace/sipeed_tof_v075_ros2_v0.3_20230309/ros2/src/sipeed_tof_cpp/src/publisher.cpp:60:9:[m[K [01;35m[Kwarning: [m[Kcomparison of integer expressions of different signedness: ‘[01m[Kint[m[K’ and ‘[01m[Klong unsigned int[m[K’ [[01;35m[K-Wsign-compare[m[K]
[13.959s]    60 |     if([01;35m[Ks<sizeof(requestdata)[m[K){
[13.959s]       |        [01;35m[K~^~~~~~~~~~~~~~~~~~~~[m[K
[13.959s] [01m[K/workspace/sipeed_tof_v075_ros2_v0.3_20230309/ros2/src/sipeed_tof_cpp/src/publisher.cpp:[m[K In member function ‘[01m[Kvoid PointCloudPublisher::timer_callback()[m[K’:
[13.959s] [01m[K/workspace/sipeed_tof_v075_ros2_v0.3_20230309/ros2/src/sipeed_tof_cpp/src/publisher.cpp:172:13:[m[K [01;35m[Kwarning: [m[Kunused variable ‘[01m[Kret[m[K’ [[01;35m[K-Wunused-variable[m[K]
[13.959s]   172 |         int [01;35m[Kret[m[K=send_request(EVHTTP_REQ_GET,"/getdeep",0,0);
[13.960s]       |             [01;35m[K^~~[m[K
[13.960s] In file included from [01m[K/workspace/sipeed_tof_v075_ros2_v0.3_20230309/ros2/src/sipeed_tof_cpp/src/process.hpp:5[m[K,
[13.960s]                  from [01m[K/workspace/sipeed_tof_v075_ros2_v0.3_20230309/ros2/src/sipeed_tof_cpp/src/publisher.cpp:26[m[K:
[13.960s] [01m[K/workspace/sipeed_tof_v075_ros2_v0.3_20230309/ros2/src/sipeed_tof_cpp/src/data_structs.h:[m[K In member function ‘[01m[Kint all_config_t::get_depth_size()[m[K’:
[13.960s] [01m[K/workspace/sipeed_tof_v075_ros2_v0.3_20230309/ros2/src/sipeed_tof_cpp/src/data_structs.h:27:5:[m[K [01;35m[Kwarning: [m[Kcontrol reaches end of non-void function [[01;35m[K-Wreturn-type[m[K]
[13.960s]    27 |     [01;35m[K}[m[K
[13.960s]       |     [01;35m[K^[m[K
[13.960s] [01m[K/workspace/sipeed_tof_v075_ros2_v0.3_20230309/ros2/src/sipeed_tof_cpp/src/data_structs.h:[m[K In member function ‘[01m[Kint all_config_t::get_ir_size()[m[K’:
[13.960s] [01m[K/workspace/sipeed_tof_v075_ros2_v0.3_20230309/ros2/src/sipeed_tof_cpp/src/data_structs.h:33:5:[m[K [01;35m[Kwarning: [m[Kcontrol reaches end of non-void function [[01;35m[K-Wreturn-type[m[K]
[13.960s]    33 |     [01;35m[K}[m[K
[13.960s]       |     [01;35m[K^[m[K
[13.961s] [01m[K/workspace/sipeed_tof_v075_ros2_v0.3_20230309/ros2/src/sipeed_tof_cpp/src/data_structs.h:[m[K In member function ‘[01m[Kint all_config_t::get_status_size()[m[K’:
[13.961s] [01m[K/workspace/sipeed_tof_v075_ros2_v0.3_20230309/ros2/src/sipeed_tof_cpp/src/data_structs.h:41:5:[m[K [01;35m[Kwarning: [m[Kcontrol reaches end of non-void function [[01;35m[K-Wreturn-type[m[K]
[13.961s]    41 |     [01;35m[K}[m[K;
[13.961s]       |     [01;35m[K^[m[K
[13.982s] [100%] [32m[1mLinking CXX executable publisher[0m
[15.497s] [100%] Built target publisher
[15.518s] Invoked command in '/workspace/sipeed_tof_v075_ros2_v0.3_20230309/ros2/build/sipeed_tof_cpp' returned '0': CMAKE_PREFIX_PATH=/opt/ros/humble /usr/bin/cmake --build /workspace/sipeed_tof_v075_ros2_v0.3_20230309/ros2/build/sipeed_tof_cpp -- -j4 -l4
[15.589s] Invoking command in '/workspace/sipeed_tof_v075_ros2_v0.3_20230309/ros2/build/sipeed_tof_cpp': CMAKE_PREFIX_PATH=/opt/ros/humble /usr/bin/cmake --install /workspace/sipeed_tof_v075_ros2_v0.3_20230309/ros2/build/sipeed_tof_cpp
[15.604s] -- Install configuration: ""
[15.604s] -- Installing: /workspace/sipeed_tof_v075_ros2_v0.3_20230309/ros2/install/sipeed_tof_cpp/lib/sipeed_tof_cpp/publisher
[15.608s] -- Set runtime path of "/workspace/sipeed_tof_v075_ros2_v0.3_20230309/ros2/install/sipeed_tof_cpp/lib/sipeed_tof_cpp/publisher" to ""
[15.608s] -- Installing: /workspace/sipeed_tof_v075_ros2_v0.3_20230309/ros2/install/sipeed_tof_cpp/share/ament_index/resource_index/package_run_dependencies/sipeed_tof_cpp
[15.608s] -- Installing: /workspace/sipeed_tof_v075_ros2_v0.3_20230309/ros2/install/sipeed_tof_cpp/share/ament_index/resource_index/parent_prefix_path/sipeed_tof_cpp
[15.609s] -- Installing: /workspace/sipeed_tof_v075_ros2_v0.3_20230309/ros2/install/sipeed_tof_cpp/share/sipeed_tof_cpp/environment/ament_prefix_path.sh
[15.609s] -- Installing: /workspace/sipeed_tof_v075_ros2_v0.3_20230309/ros2/install/sipeed_tof_cpp/share/sipeed_tof_cpp/environment/ament_prefix_path.dsv
[15.609s] -- Installing: /workspace/sipeed_tof_v075_ros2_v0.3_20230309/ros2/install/sipeed_tof_cpp/share/sipeed_tof_cpp/environment/path.sh
[15.609s] -- Installing: /workspace/sipeed_tof_v075_ros2_v0.3_20230309/ros2/install/sipeed_tof_cpp/share/sipeed_tof_cpp/environment/path.dsv
[15.610s] -- Installing: /workspace/sipeed_tof_v075_ros2_v0.3_20230309/ros2/install/sipeed_tof_cpp/share/sipeed_tof_cpp/local_setup.bash
[15.610s] -- Installing: /workspace/sipeed_tof_v075_ros2_v0.3_20230309/ros2/install/sipeed_tof_cpp/share/sipeed_tof_cpp/local_setup.sh
[15.610s] -- Installing: /workspace/sipeed_tof_v075_ros2_v0.3_20230309/ros2/install/sipeed_tof_cpp/share/sipeed_tof_cpp/local_setup.zsh
[15.610s] -- Installing: /workspace/sipeed_tof_v075_ros2_v0.3_20230309/ros2/install/sipeed_tof_cpp/share/sipeed_tof_cpp/local_setup.dsv
[15.611s] -- Installing: /workspace/sipeed_tof_v075_ros2_v0.3_20230309/ros2/install/sipeed_tof_cpp/share/sipeed_tof_cpp/package.dsv
[15.611s] -- Installing: /workspace/sipeed_tof_v075_ros2_v0.3_20230309/ros2/install/sipeed_tof_cpp/share/ament_index/resource_index/packages/sipeed_tof_cpp
[15.611s] -- Installing: /workspace/sipeed_tof_v075_ros2_v0.3_20230309/ros2/install/sipeed_tof_cpp/share/sipeed_tof_cpp/cmake/sipeed_tof_cppConfig.cmake
[15.611s] -- Installing: /workspace/sipeed_tof_v075_ros2_v0.3_20230309/ros2/install/sipeed_tof_cpp/share/sipeed_tof_cpp/cmake/sipeed_tof_cppConfig-version.cmake
[15.612s] -- Installing: /workspace/sipeed_tof_v075_ros2_v0.3_20230309/ros2/install/sipeed_tof_cpp/share/sipeed_tof_cpp/package.xml
[15.616s] Invoked command in '/workspace/sipeed_tof_v075_ros2_v0.3_20230309/ros2/build/sipeed_tof_cpp' returned '0': CMAKE_PREFIX_PATH=/opt/ros/humble /usr/bin/cmake --install /workspace/sipeed_tof_v075_ros2_v0.3_20230309/ros2/build/sipeed_tof_cpp
